<?xml version="1.0" encoding="UTF-8"?>
<!-- Generated by org.testng.reporters.JUnitReportReporter -->
<testsuite skipped="0" hostname="LAPTOP-N0G0NBDP" name="com.qa.testcases.Testcase1" tests="2" failures="0" timestamp="24 Mar 2021 16:48:45 GMT" time="20.893" errors="0">
  <testcase name="searchPageTest" time="20.035" classname="com.qa.testcases.Testcase1"/>
  <testcase name="closebrowser" time="0.858" classname="com.qa.testcases.Testcase1"/>
</testsuite> <!-- com.qa.testcases.Testcase1 -->
